

[30mâ›¶[0m[30mâ›¶[0m[30mâ›¶[0m[30mâ›¶[0m[30mâ›¶[0m
[30mâ›¶[0m[30mâ›¶[0m[30mâ›¶[0m[30mâ›¶[0m[30mâ›¶[0m
[30mâ›¶[0m[30mâ›¶[0m[30mâ›¶[0m[30mâ›¶[0m[30mâ›¶[0m
[30mâ›¶[0m[30mâ›¶[0m[30mâ›¶[0m[30mâ›¶[0m[30mâ›¶[0m
[30mâ›¶[0m[30mâ›¶[0m[30mâ›¶[0m[30mâ›¶[0m[30mâ›¶[0m

1) Set Area
2) Make Default Grid
3) Count Types
4) Color Fish
5) Feed Fish
0) Quit

Choice:> [34;1m2[0m

[30mâœ½[0m[30mâœ½[0m[30mâœ½[0m[30mâ›¶[0m[30mâ˜[0m
[30mâœ½[0m[30mâˆ[0m[30mâœ½[0m[30mâ›¶[0m[30mâ›¶[0m
[30mâœ½[0m[30mâœ½[0m[30mâœ½[0m[30mâœ½[0m[30mâœ½[0m
[30mâ›¶[0m[30mâ›¶[0m[30mâœ½[0m[30mâˆ[0m[30mâˆ[0m
[30mâ˜[0m[30mâˆ[0m[30mâ›¶[0m[30mâ›¶[0m[30mâ˜[0m

1) Set Area
2) Make Default Grid
3) Count Types
4) Color Fish
5) Feed Fish
0) Quit

Choice:> [34;1m5[0m

[30mâœ½[0m[30mâ›¶[0m[30mâœ½[0m[30mâ›¶[0m[30mâ˜[0m
[30mâœ½[0m[30mâˆ[0m[30mâœ½[0m[30mâ›¶[0m[30mâ›¶[0m
[30mâœ½[0m[30mâœ½[0m[30mâœ½[0m[30mâ›¶[0m[30mâ›¶[0m
[30mâ›¶[0m[30mâ›¶[0m[30mâœ½[0m[30mâˆ[0m[30mâˆ[0m
[30mâ˜[0m[30mâ›¶[0m[30mâ›¶[0m[30mâ›¶[0m[30mâ˜[0m

1) Set Area
2) Make Default Grid
3) Count Types
4) Color Fish
5) Feed Fish
0) Quit

Choice:> [34;1m5[0m

[30mâœ½[0m[30mâ›¶[0m[30mâœ½[0m[30mâ›¶[0m[30mâ˜[0m
[30mâœ½[0m[30mâˆ[0m[30mâ›¶[0m[30mâ›¶[0m[30mâ›¶[0m
[30mâœ½[0m[30mâœ½[0m[30mâœ½[0m[30mâ›¶[0m[30mâ›¶[0m
[30mâ›¶[0m[30mâ›¶[0m[30mâ›¶[0m[30mâˆ[0m[30mâ›¶[0m
[30mâ˜[0m[30mâ›¶[0m[30mâ›¶[0m[30mâ›¶[0m[30mâ˜[0m

1) Set Area
2) Make Default Grid
3) Count Types
4) Color Fish
5) Feed Fish
0) Quit

Choice:> [34;1m5[0m

[30mâœ½[0m[30mâ›¶[0m[30mâœ½[0m[30mâ›¶[0m[30mâ˜[0m
[30mâœ½[0m[30mâˆ[0m[30mâ›¶[0m[30mâ›¶[0m[30mâ›¶[0m
[30mâœ½[0m[30mâ›¶[0m[30mâœ½[0m[30mâ›¶[0m[30mâ›¶[0m
[30mâ›¶[0m[30mâ›¶[0m[30mâ›¶[0m[30mâ›¶[0m[30mâ›¶[0m
[30mâ˜[0m[30mâ›¶[0m[30mâ›¶[0m[30mâ›¶[0m[30mâ˜[0m

1) Set Area
2) Make Default Grid
3) Count Types
4) Color Fish
5) Feed Fish
0) Quit

Choice:> [34;1m5[0m

[30mâœ½[0m[30mâ›¶[0m[30mâœ½[0m[30mâ›¶[0m[30mâ˜[0m
[30mâ›¶[0m[30mâˆ[0m[30mâ›¶[0m[30mâ›¶[0m[30mâ›¶[0m
[30mâœ½[0m[30mâ›¶[0m[30mâœ½[0m[30mâ›¶[0m[30mâ›¶[0m
[30mâ›¶[0m[30mâ›¶[0m[30mâ›¶[0m[30mâ›¶[0m[30mâ›¶[0m
[30mâ˜[0m[30mâ›¶[0m[30mâ›¶[0m[30mâ›¶[0m[30mâ˜[0m

1) Set Area
2) Make Default Grid
3) Count Types
4) Color Fish
5) Feed Fish
0) Quit

Choice:> [34;1m5[0m

[30mâœ½[0m[30mâ›¶[0m[30mâœ½[0m[30mâ›¶[0m[30mâ˜[0m
[30mâ›¶[0m[30mâ›¶[0m[30mâ›¶[0m[30mâ›¶[0m[30mâ›¶[0m
[30mâœ½[0m[30mâ›¶[0m[30mâœ½[0m[30mâ›¶[0m[30mâ›¶[0m
[30mâ›¶[0m[30mâ›¶[0m[30mâ›¶[0m[30mâ›¶[0m[30mâ›¶[0m
[30mâ˜[0m[30mâ›¶[0m[30mâ›¶[0m[30mâ›¶[0m[30mâ˜[0m

1) Set Area
2) Make Default Grid
3) Count Types
4) Color Fish
5) Feed Fish
0) Quit

Choice:> [34;1m1[0m
 Input area type 1) habitat 2) fish 3) food #) empty:> [34;1m2[0m
 Input location (x y):> [34;1m1 0[0m

[30mâœ½[0m[30mâˆ[0m[30mâœ½[0m[30mâ›¶[0m[30mâ˜[0m
[30mâ›¶[0m[30mâ›¶[0m[30mâ›¶[0m[30mâ›¶[0m[30mâ›¶[0m
[30mâœ½[0m[30mâ›¶[0m[30mâœ½[0m[30mâ›¶[0m[30mâ›¶[0m
[30mâ›¶[0m[30mâ›¶[0m[30mâ›¶[0m[30mâ›¶[0m[30mâ›¶[0m
[30mâ˜[0m[30mâ›¶[0m[30mâ›¶[0m[30mâ›¶[0m[30mâ˜[0m

1) Set Area
2) Make Default Grid
3) Count Types
4) Color Fish
5) Feed Fish
0) Quit

Choice:> [34;1m5[0m

[30mâœ½[0m[30mâˆ[0m[30mâ›¶[0m[30mâ›¶[0m[30mâ˜[0m
[30mâ›¶[0m[30mâ›¶[0m[30mâ›¶[0m[30mâ›¶[0m[30mâ›¶[0m
[30mâœ½[0m[30mâ›¶[0m[30mâœ½[0m[30mâ›¶[0m[30mâ›¶[0m
[30mâ›¶[0m[30mâ›¶[0m[30mâ›¶[0m[30mâ›¶[0m[30mâ›¶[0m
[30mâ˜[0m[30mâ›¶[0m[30mâ›¶[0m[30mâ›¶[0m[30mâ˜[0m

1) Set Area
2) Make Default Grid
3) Count Types
4) Color Fish
5) Feed Fish
0) Quit

Choice:> [34;1m5[0m

[30mâ›¶[0m[30mâˆ[0m[30mâ›¶[0m[30mâ›¶[0m[30mâ˜[0m
[30mâ›¶[0m[30mâ›¶[0m[30mâ›¶[0m[30mâ›¶[0m[30mâ›¶[0m
[30mâœ½[0m[30mâ›¶[0m[30mâœ½[0m[30mâ›¶[0m[30mâ›¶[0m
[30mâ›¶[0m[30mâ›¶[0m[30mâ›¶[0m[30mâ›¶[0m[30mâ›¶[0m
[30mâ˜[0m[30mâ›¶[0m[30mâ›¶[0m[30mâ›¶[0m[30mâ˜[0m

1) Set Area
2) Make Default Grid
3) Count Types
4) Color Fish
5) Feed Fish
0) Quit

Choice:> [34;1m1[0m
 Input area type 1) habitat 2) fish 3) food #) empty:> [34;1m3[0m
 Input location (x y):> [34;1m1[0m

[30mâ›¶[0m[30mâˆ[0m[30mâ›¶[0m[30mâ›¶[0m[30mâ˜[0m
[30mâ›¶[0m[30mâœ½[0m[30mâ›¶[0m[30mâ›¶[0m[30mâ›¶[0m
[30mâœ½[0m[30mâ›¶[0m[30mâœ½[0m[30mâ›¶[0m[30mâ›¶[0m
[30mâ›¶[0m[30mâ›¶[0m[30mâ›¶[0m[30mâ›¶[0m[30mâ›¶[0m
[30mâ˜[0m[30mâ›¶[0m[30mâ›¶[0m[30mâ›¶[0m[30mâ˜[0m

1) Set Area
2) Make Default Grid
3) Count Types
4) Color Fish
5) Feed Fish
0) Quit

Choice:> [34;1m1[0m

[30mâ›¶[0m[30mâˆ[0m[30mâ›¶[0m[30mâ›¶[0m[30mâ˜[0m
[30mâ›¶[0m[30mâ›¶[0m[30mâ›¶[0m[30mâ›¶[0m[30mâ›¶[0m
[30mâœ½[0m[30mâ›¶[0m[30mâœ½[0m[30mâ›¶[0m[30mâ›¶[0m
[30mâ›¶[0m[30mâ›¶[0m[30mâ›¶[0m[30mâ›¶[0m[30mâ›¶[0m
[30mâ˜[0m[30mâ›¶[0m[30mâ›¶[0m[30mâ›¶[0m[30mâ˜[0m

1) Set Area
2) Make Default Grid
3) Count Types
4) Color Fish
5) Feed Fish
0) Quit

Choice:> [34;1m5[0m

[30mâ›¶[0m[30mâ›¶[0m[30mâ›¶[0m[30mâ›¶[0m[30mâ˜[0m
[30mâ›¶[0m[30mâ›¶[0m[30mâ›¶[0m[30mâ›¶[0m[30mâ›¶[0m
[30mâœ½[0m[30mâ›¶[0m[30mâœ½[0m[30mâ›¶[0m[30mâ›¶[0m
[30mâ›¶[0m[30mâ›¶[0m[30mâ›¶[0m[30mâ›¶[0m[30mâ›¶[0m
[30mâ˜[0m[30mâ›¶[0m[30mâ›¶[0m[30mâ›¶[0m[30mâ˜[0m

1) Set Area
2) Make Default Grid
3) Count Types
4) Color Fish
5) Feed Fish
0) Quit

Choice:> [34;1m5[0m

