

[30m⛶[0m[30m⛶[0m[30m⛶[0m[30m⛶[0m[30m⛶[0m
[30m⛶[0m[30m⛶[0m[30m⛶[0m[30m⛶[0m[30m⛶[0m
[30m⛶[0m[30m⛶[0m[30m⛶[0m[30m⛶[0m[30m⛶[0m
[30m⛶[0m[30m⛶[0m[30m⛶[0m[30m⛶[0m[30m⛶[0m
[30m⛶[0m[30m⛶[0m[30m⛶[0m[30m⛶[0m[30m⛶[0m

1) Set Area
2) Make Default Grid
3) Count Types
4) Color Fish
5) Feed Fish
0) Quit

Choice:>
[30m✽[0m[30m✽[0m[30m✽[0m[30m⛶[0m[30m☁[0m
[30m✽[0m[30m∝[0m[30m✽[0m[30m⛶[0m[30m⛶[0m
[30m✽[0m[30m✽[0m[30m✽[0m[30m✽[0m[30m✽[0m
[30m⛶[0m[30m⛶[0m[30m✽[0m[30m∝[0m[30m∝[0m
[30m☁[0m[30m∝[0m[30m⛶[0m[30m⛶[0m[30m☁[0m

1) Set Area
2) Make Default Grid
3) Count Types
4) Color Fish
5) Feed Fish
0) Quit

Choice:> Input area type 1) habitat 2) fish 3) food #) empty:> Input location (x y):>
[30m✽[0m[30m✽[0m[30m✽[0m[30m⛶[0m[30m☁[0m
[30m✽[0m[30m☁[0m[30m✽[0m[30m⛶[0m[30m⛶[0m
[30m✽[0m[30m✽[0m[30m✽[0m[30m✽[0m[30m✽[0m
[30m⛶[0m[30m⛶[0m[30m✽[0m[30m∝[0m[30m∝[0m
[30m☁[0m[30m∝[0m[30m⛶[0m[30m⛶[0m[30m☁[0m

1) Set Area
2) Make Default Grid
3) Count Types
4) Color Fish
5) Feed Fish
0) Quit

Choice:> Input area type 1) habitat 2) fish 3) food #) empty:> Input location (x y):>
[30m✽[0m[30m✽[0m[30m✽[0m[30m⛶[0m[30m☁[0m
[30m✽[0m[30m⛶[0m[30m✽[0m[30m⛶[0m[30m⛶[0m
[30m✽[0m[30m✽[0m[30m✽[0m[30m✽[0m[30m✽[0m
[30m⛶[0m[30m⛶[0m[30m✽[0m[30m∝[0m[30m∝[0m
[30m☁[0m[30m∝[0m[30m⛶[0m[30m⛶[0m[30m☁[0m

1) Set Area
2) Make Default Grid
3) Count Types
4) Color Fish
5) Feed Fish
0) Quit

Choice:> Input area type 1) habitat 2) fish 3) food #) empty:> Input location (x y):>
[30m✽[0m[30m✽[0m[30m✽[0m[30m⛶[0m[30m☁[0m
[30m✽[0m[30m⛶[0m[30m✽[0m[30m⛶[0m[30m⛶[0m
[30m✽[0m[30m✽[0m[30m⛶[0m[30m✽[0m[30m✽[0m
[30m⛶[0m[30m⛶[0m[30m✽[0m[30m∝[0m[30m∝[0m
[30m☁[0m[30m∝[0m[30m⛶[0m[30m⛶[0m[30m☁[0m

1) Set Area
2) Make Default Grid
3) Count Types
4) Color Fish
5) Feed Fish
0) Quit

Choice:> Input area type 1) habitat 2) fish 3) food #) empty:> Input location (x y):>
[30m☁[0m[30m✽[0m[30m✽[0m[30m⛶[0m[30m☁[0m
[30m✽[0m[30m⛶[0m[30m✽[0m[30m⛶[0m[30m⛶[0m
[30m✽[0m[30m✽[0m[30m⛶[0m[30m✽[0m[30m✽[0m
[30m⛶[0m[30m⛶[0m[30m✽[0m[30m∝[0m[30m∝[0m
[30m☁[0m[30m∝[0m[30m⛶[0m[30m⛶[0m[30m☁[0m

1) Set Area
2) Make Default Grid
3) Count Types
4) Color Fish
5) Feed Fish
0) Quit

Choice:> Input area type 1) habitat 2) fish 3) food #) empty:> Input location (x y):>
[30m☁[0m[30m✽[0m[30m✽[0m[30m⛶[0m[30m☁[0m
[30m✽[0m[30m⛶[0m[30m✽[0m[30m⛶[0m[30m⛶[0m
[30m✽[0m[30m✽[0m[30m⛶[0m[30m✽[0m[30m✽[0m
[30m⛶[0m[30m⛶[0m[30m✽[0m[30m∝[0m[30m∝[0m
[30m☁[0m[30m∝[0m[30m⛶[0m[30m⛶[0m[30m☁[0m

1) Set Area
2) Make Default Grid
3) Count Types
4) Color Fish
5) Feed Fish
0) Quit

Choice:> Input area type 1) habitat 2) fish 3) food #) empty:> Input location (x y):>
[30m☁[0m[30m✽[0m[30m✽[0m[30m⛶[0m[30m☁[0m
[30m✽[0m[30m⛶[0m[30m✽[0m[30m⛶[0m[30m⛶[0m
[30m✽[0m[30m✽[0m[30m⛶[0m[30m✽[0m[30m✽[0m
[30m⛶[0m[30m⛶[0m[30m✽[0m[30m∝[0m[30m∝[0m
[30m☁[0m[30m∝[0m[30m⛶[0m[30m⛶[0m[30m☁[0m

1) Set Area
2) Make Default Grid
3) Count Types
4) Color Fish
5) Feed Fish
0) Quit

Choice:> Input area type 1) habitat 2) fish 3) food #) empty:> Input location (x y):>
[30m☁[0m[30m✽[0m[30m✽[0m[30m⛶[0m[30m☁[0m
[30m✽[0m[30m⛶[0m[30m✽[0m[30m⛶[0m[30m⛶[0m
[30m✽[0m[30m✽[0m[30m⛶[0m[30m✽[0m[30m✽[0m
[30m⛶[0m[30m⛶[0m[30m✽[0m[30m∝[0m[30m∝[0m
[30m☁[0m[30m∝[0m[30m⛶[0m[30m⛶[0m[30m☁[0m

1) Set Area
2) Make Default Grid
3) Count Types
4) Color Fish
5) Feed Fish
0) Quit

Choice:>
[30m✽[0m[30m✽[0m[30m✽[0m[30m⛶[0m[30m☁[0m
[30m✽[0m[30m∝[0m[30m✽[0m[30m⛶[0m[30m⛶[0m
[30m✽[0m[30m✽[0m[30m✽[0m[30m✽[0m[30m✽[0m
[30m⛶[0m[30m⛶[0m[30m✽[0m[30m∝[0m[30m∝[0m
[30m☁[0m[30m∝[0m[30m⛶[0m[30m⛶[0m[30m☁[0m

1) Set Area
2) Make Default Grid
3) Count Types
4) Color Fish
5) Feed Fish
0) Quit

Choice:>