

[30m⛶[0m[30m⛶[0m[30m⛶[0m[30m⛶[0m[30m⛶[0m
[30m⛶[0m[30m⛶[0m[30m⛶[0m[30m⛶[0m[30m⛶[0m
[30m⛶[0m[30m⛶[0m[30m⛶[0m[30m⛶[0m[30m⛶[0m
[30m⛶[0m[30m⛶[0m[30m⛶[0m[30m⛶[0m[30m⛶[0m
[30m⛶[0m[30m⛶[0m[30m⛶[0m[30m⛶[0m[30m⛶[0m

1) Set Area
2) Make Default Grid
3) Count Types
4) Color Fish
5) Feed Fish
0) Quit

Choice:> [34;1m-1[0m
 Unknown menu option
[30m⛶[0m[30m⛶[0m[30m⛶[0m[30m⛶[0m[30m⛶[0m
[30m⛶[0m[30m⛶[0m[30m⛶[0m[30m⛶[0m[30m⛶[0m
[30m⛶[0m[30m⛶[0m[30m⛶[0m[30m⛶[0m[30m⛶[0m
[30m⛶[0m[30m⛶[0m[30m⛶[0m[30m⛶[0m[30m⛶[0m
[30m⛶[0m[30m⛶[0m[30m⛶[0m[30m⛶[0m[30m⛶[0m

1) Set Area
2) Make Default Grid
3) Count Types
4) Color Fish
5) Feed Fish
0) Quit

Choice:> [34;1m7[0m
 Unknown menu option
[30m⛶[0m[30m⛶[0m[30m⛶[0m[30m⛶[0m[30m⛶[0m
[30m⛶[0m[30m⛶[0m[30m⛶[0m[30m⛶[0m[30m⛶[0m
[30m⛶[0m[30m⛶[0m[30m⛶[0m[30m⛶[0m[30m⛶[0m
[30m⛶[0m[30m⛶[0m[30m⛶[0m[30m⛶[0m[30m⛶[0m
[30m⛶[0m[30m⛶[0m[30m⛶[0m[30m⛶[0m[30m⛶[0m

1) Set Area
2) Make Default Grid
3) Count Types
4) Color Fish
5) Feed Fish
0) Quit

Choice:> [34;1mb[0m
 Please input an integer
[30m⛶[0m[30m⛶[0m[30m⛶[0m[30m⛶[0m[30m⛶[0m
[30m⛶[0m[30m⛶[0m[30m⛶[0m[30m⛶[0m[30m⛶[0m
[30m⛶[0m[30m⛶[0m[30m⛶[0m[30m⛶[0m[30m⛶[0m
[30m⛶[0m[30m⛶[0m[30m⛶[0m[30m⛶[0m[30m⛶[0m
[30m⛶[0m[30m⛶[0m[30m⛶[0m[30m⛶[0m[30m⛶[0m

1) Set Area
2) Make Default Grid
3) Count Types
4) Color Fish
5) Feed Fish
0) Quit

Choice:> [34;1m1[0m
 Input area type 1) habitat 2) fish 3) food #) empty:> [34;1ma[0m
 Please input an integer
[30m⛶[0m[30m⛶[0m[30m⛶[0m[30m⛶[0m[30m⛶[0m
[30m⛶[0m[30m⛶[0m[30m⛶[0m[30m⛶[0m[30m⛶[0m
[30m⛶[0m[30m⛶[0m[30m⛶[0m[30m⛶[0m[30m⛶[0m
[30m⛶[0m[30m⛶[0m[30m⛶[0m[30m⛶[0m[30m⛶[0m
[30m⛶[0m[30m⛶[0m[30m⛶[0m[30m⛶[0m[30m⛶[0m

1) Set Area
2) Make Default Grid
3) Count Types
4) Color Fish
5) Feed Fish
0) Quit

Choice:> [34;1m1[0m
 Input area type 1) habitat 2) fish 3) food #) empty:> [34;1m0[0m
 Input location (x y):> [34;1mb[0m
 Please input an integer
[30m⛶[0m[30m⛶[0m[30m⛶[0m[30m⛶[0m[30m⛶[0m
[30m⛶[0m[30m⛶[0m[30m⛶[0m[30m⛶[0m[30m⛶[0m
[30m⛶[0m[30m⛶[0m[30m⛶[0m[30m⛶[0m[30m⛶[0m
[30m⛶[0m[30m⛶[0m[30m⛶[0m[30m⛶[0m[30m⛶[0m
[30m⛶[0m[30m⛶[0m[30m⛶[0m[30m⛶[0m[30m⛶[0m

1) Set Area
2) Make Default Grid
3) Count Types
4) Color Fish
5) Feed Fish
0) Quit

Choice:> [34;1m1[0m
 Input area type 1) habitat 2) fish 3) food #) empty:> [34;1m0[0m
 Input location (x y):> [34;1m0 2.6[0m
 Please input an integer
[30m⛶[0m[30m⛶[0m[30m⛶[0m[30m⛶[0m[30m⛶[0m
[30m⛶[0m[30m⛶[0m[30m⛶[0m[30m⛶[0m[30m⛶[0m
[30m⛶[0m[30m⛶[0m[30m⛶[0m[30m⛶[0m[30m⛶[0m
[30m⛶[0m[30m⛶[0m[30m⛶[0m[30m⛶[0m[30m⛶[0m
[30m⛶[0m[30m⛶[0m[30m⛶[0m[30m⛶[0m[30m⛶[0m

1) Set Area
2) Make Default Grid
3) Count Types
4) Color Fish
5) Feed Fish
0) Quit

Choice:> [34;1m1[0m
 Input area type 1) habitat 2) fish 3) food #) empty:> [34;1m0[0m
 Input location (x y):> [34;1m0 b[0m
 Please input an integer
[30m⛶[0m[30m⛶[0m[30m⛶[0m[30m⛶[0m[30m⛶[0m
[30m⛶[0m[30m⛶[0m[30m⛶[0m[30m⛶[0m[30m⛶[0m
[30m⛶[0m[30m⛶[0m[30m⛶[0m[30m⛶[0m[30m⛶[0m
[30m⛶[0m[30m⛶[0m[30m⛶[0m[30m⛶[0m[30m⛶[0m
[30m⛶[0m[30m⛶[0m[30m⛶[0m[30m⛶[0m[30m⛶[0m

1) Set Area
2) Make Default Grid
3) Count Types
4) Color Fish
5) Feed Fish
0) Quit

Choice:> [34;1m1[0m
 Input area type 1) habitat 2) fish 3) food #) empty:> [34;1m0[0m
 Input location (x y):> [34;1m6 0[0m
 Please input a number between 0 and 5
[30m⛶[0m[30m⛶[0m[30m⛶[0m[30m⛶[0m[30m⛶[0m
[30m⛶[0m[30m⛶[0m[30m⛶[0m[30m⛶[0m[30m⛶[0m
[30m⛶[0m[30m⛶[0m[30m⛶[0m[30m⛶[0m[30m⛶[0m
[30m⛶[0m[30m⛶[0m[30m⛶[0m[30m⛶[0m[30m⛶[0m
[30m⛶[0m[30m⛶[0m[30m⛶[0m[30m⛶[0m[30m⛶[0m

1) Set Area
2) Make Default Grid
3) Count Types
4) Color Fish
5) Feed Fish
0) Quit

Choice:> [34;1m1[0m
 Input area type 1) habitat 2) fish 3) food #) empty:> [34;1m0[0m
 Input location (x y):> [34;1m0 -1[0m
 Please input a number between 0 and 5
[30m⛶[0m[30m⛶[0m[30m⛶[0m[30m⛶[0m[30m⛶[0m
[30m⛶[0m[30m⛶[0m[30m⛶[0m[30m⛶[0m[30m⛶[0m
[30m⛶[0m[30m⛶[0m[30m⛶[0m[30m⛶[0m[30m⛶[0m
[30m⛶[0m[30m⛶[0m[30m⛶[0m[30m⛶[0m[30m⛶[0m
[30m⛶[0m[30m⛶[0m[30m⛶[0m[30m⛶[0m[30m⛶[0m

1) Set Area
2) Make Default Grid
3) Count Types
4) Color Fish
5) Feed Fish
0) Quit

Choice:> [34;1m0[0m
 
