

[30m⛶[0m[30m⛶[0m[30m⛶[0m[30m⛶[0m[30m⛶[0m
[30m⛶[0m[30m⛶[0m[30m⛶[0m[30m⛶[0m[30m⛶[0m
[30m⛶[0m[30m⛶[0m[30m⛶[0m[30m⛶[0m[30m⛶[0m
[30m⛶[0m[30m⛶[0m[30m⛶[0m[30m⛶[0m[30m⛶[0m
[30m⛶[0m[30m⛶[0m[30m⛶[0m[30m⛶[0m[30m⛶[0m

1) Set Area
2) Make Default Grid
3) Count Types
4) Color Fish
5) Feed Fish
0) Quit

Choice:> Unknown menu option
[30m⛶[0m[30m⛶[0m[30m⛶[0m[30m⛶[0m[30m⛶[0m
[30m⛶[0m[30m⛶[0m[30m⛶[0m[30m⛶[0m[30m⛶[0m
[30m⛶[0m[30m⛶[0m[30m⛶[0m[30m⛶[0m[30m⛶[0m
[30m⛶[0m[30m⛶[0m[30m⛶[0m[30m⛶[0m[30m⛶[0m
[30m⛶[0m[30m⛶[0m[30m⛶[0m[30m⛶[0m[30m⛶[0m

1) Set Area
2) Make Default Grid
3) Count Types
4) Color Fish
5) Feed Fish
0) Quit

Choice:> Unknown menu option
[30m⛶[0m[30m⛶[0m[30m⛶[0m[30m⛶[0m[30m⛶[0m
[30m⛶[0m[30m⛶[0m[30m⛶[0m[30m⛶[0m[30m⛶[0m
[30m⛶[0m[30m⛶[0m[30m⛶[0m[30m⛶[0m[30m⛶[0m
[30m⛶[0m[30m⛶[0m[30m⛶[0m[30m⛶[0m[30m⛶[0m
[30m⛶[0m[30m⛶[0m[30m⛶[0m[30m⛶[0m[30m⛶[0m

1) Set Area
2) Make Default Grid
3) Count Types
4) Color Fish
5) Feed Fish
0) Quit

Choice:> Please input an integer
[30m⛶[0m[30m⛶[0m[30m⛶[0m[30m⛶[0m[30m⛶[0m
[30m⛶[0m[30m⛶[0m[30m⛶[0m[30m⛶[0m[30m⛶[0m
[30m⛶[0m[30m⛶[0m[30m⛶[0m[30m⛶[0m[30m⛶[0m
[30m⛶[0m[30m⛶[0m[30m⛶[0m[30m⛶[0m[30m⛶[0m
[30m⛶[0m[30m⛶[0m[30m⛶[0m[30m⛶[0m[30m⛶[0m

1) Set Area
2) Make Default Grid
3) Count Types
4) Color Fish
5) Feed Fish
0) Quit

Choice:> Input area type 1) habitat 2) fish 3) food #) empty:> Please input an integer
[30m⛶[0m[30m⛶[0m[30m⛶[0m[30m⛶[0m[30m⛶[0m
[30m⛶[0m[30m⛶[0m[30m⛶[0m[30m⛶[0m[30m⛶[0m
[30m⛶[0m[30m⛶[0m[30m⛶[0m[30m⛶[0m[30m⛶[0m
[30m⛶[0m[30m⛶[0m[30m⛶[0m[30m⛶[0m[30m⛶[0m
[30m⛶[0m[30m⛶[0m[30m⛶[0m[30m⛶[0m[30m⛶[0m

1) Set Area
2) Make Default Grid
3) Count Types
4) Color Fish
5) Feed Fish
0) Quit

Choice:> Input area type 1) habitat 2) fish 3) food #) empty:> Input location (x y):> Please input an integer
[30m⛶[0m[30m⛶[0m[30m⛶[0m[30m⛶[0m[30m⛶[0m
[30m⛶[0m[30m⛶[0m[30m⛶[0m[30m⛶[0m[30m⛶[0m
[30m⛶[0m[30m⛶[0m[30m⛶[0m[30m⛶[0m[30m⛶[0m
[30m⛶[0m[30m⛶[0m[30m⛶[0m[30m⛶[0m[30m⛶[0m
[30m⛶[0m[30m⛶[0m[30m⛶[0m[30m⛶[0m[30m⛶[0m

1) Set Area
2) Make Default Grid
3) Count Types
4) Color Fish
5) Feed Fish
0) Quit

Choice:> Input area type 1) habitat 2) fish 3) food #) empty:> Input location (x y):> Please input an integer
[30m⛶[0m[30m⛶[0m[30m⛶[0m[30m⛶[0m[30m⛶[0m
[30m⛶[0m[30m⛶[0m[30m⛶[0m[30m⛶[0m[30m⛶[0m
[30m⛶[0m[30m⛶[0m[30m⛶[0m[30m⛶[0m[30m⛶[0m
[30m⛶[0m[30m⛶[0m[30m⛶[0m[30m⛶[0m[30m⛶[0m
[30m⛶[0m[30m⛶[0m[30m⛶[0m[30m⛶[0m[30m⛶[0m

1) Set Area
2) Make Default Grid
3) Count Types
4) Color Fish
5) Feed Fish
0) Quit

Choice:> Input area type 1) habitat 2) fish 3) food #) empty:> Input location (x y):> Please input an integer
[30m⛶[0m[30m⛶[0m[30m⛶[0m[30m⛶[0m[30m⛶[0m
[30m⛶[0m[30m⛶[0m[30m⛶[0m[30m⛶[0m[30m⛶[0m
[30m⛶[0m[30m⛶[0m[30m⛶[0m[30m⛶[0m[30m⛶[0m
[30m⛶[0m[30m⛶[0m[30m⛶[0m[30m⛶[0m[30m⛶[0m
[30m⛶[0m[30m⛶[0m[30m⛶[0m[30m⛶[0m[30m⛶[0m

1) Set Area
2) Make Default Grid
3) Count Types
4) Color Fish
5) Feed Fish
0) Quit

Choice:> Input area type 1) habitat 2) fish 3) food #) empty:> Input location (x y):> Please input a number between 0 and 5
[30m⛶[0m[30m⛶[0m[30m⛶[0m[30m⛶[0m[30m⛶[0m
[30m⛶[0m[30m⛶[0m[30m⛶[0m[30m⛶[0m[30m⛶[0m
[30m⛶[0m[30m⛶[0m[30m⛶[0m[30m⛶[0m[30m⛶[0m
[30m⛶[0m[30m⛶[0m[30m⛶[0m[30m⛶[0m[30m⛶[0m
[30m⛶[0m[30m⛶[0m[30m⛶[0m[30m⛶[0m[30m⛶[0m

1) Set Area
2) Make Default Grid
3) Count Types
4) Color Fish
5) Feed Fish
0) Quit

Choice:> Input area type 1) habitat 2) fish 3) food #) empty:> Input location (x y):> Please input a number between 0 and 5
[30m⛶[0m[30m⛶[0m[30m⛶[0m[30m⛶[0m[30m⛶[0m
[30m⛶[0m[30m⛶[0m[30m⛶[0m[30m⛶[0m[30m⛶[0m
[30m⛶[0m[30m⛶[0m[30m⛶[0m[30m⛶[0m[30m⛶[0m
[30m⛶[0m[30m⛶[0m[30m⛶[0m[30m⛶[0m[30m⛶[0m
[30m⛶[0m[30m⛶[0m[30m⛶[0m[30m⛶[0m[30m⛶[0m

1) Set Area
2) Make Default Grid
3) Count Types
4) Color Fish
5) Feed Fish
0) Quit

Choice:> 