

[30mâ›¶[0m[30mâ›¶[0m[30mâ›¶[0m[30mâ›¶[0m[30mâ›¶[0m
[30mâ›¶[0m[30mâ›¶[0m[30mâ›¶[0m[30mâ›¶[0m[30mâ›¶[0m
[30mâ›¶[0m[30mâ›¶[0m[30mâ›¶[0m[30mâ›¶[0m[30mâ›¶[0m
[30mâ›¶[0m[30mâ›¶[0m[30mâ›¶[0m[30mâ›¶[0m[30mâ›¶[0m
[30mâ›¶[0m[30mâ›¶[0m[30mâ›¶[0m[30mâ›¶[0m[30mâ›¶[0m

1) Set Area
2) Make Default Grid
3) Count Types
4) Color Fish
5) Feed Fish
0) Quit

Choice:> 
[30mâœ½[0m[30mâœ½[0m[30mâœ½[0m[30mâ›¶[0m[30mâ˜[0m
[30mâœ½[0m[30mâˆ[0m[30mâœ½[0m[30mâ›¶[0m[30mâ›¶[0m
[30mâœ½[0m[30mâœ½[0m[30mâœ½[0m[30mâœ½[0m[30mâœ½[0m
[30mâ›¶[0m[30mâ›¶[0m[30mâœ½[0m[30mâˆ[0m[30mâˆ[0m
[30mâ˜[0m[30mâˆ[0m[30mâ›¶[0m[30mâ›¶[0m[30mâ˜[0m

1) Set Area
2) Make Default Grid
3) Count Types
4) Color Fish
5) Feed Fish
0) Quit

Choice:> Empty: 7
Habitats: 3
Food: 11
Fish: 4
[30mâœ½[0m[30mâœ½[0m[30mâœ½[0m[30mâ›¶[0m[30mâ˜[0m
[30mâœ½[0m[30mâˆ[0m[30mâœ½[0m[30mâ›¶[0m[30mâ›¶[0m
[30mâœ½[0m[30mâœ½[0m[30mâœ½[0m[30mâœ½[0m[30mâœ½[0m
[30mâ›¶[0m[30mâ›¶[0m[30mâœ½[0m[30mâˆ[0m[30mâˆ[0m
[30mâ˜[0m[30mâˆ[0m[30mâ›¶[0m[30mâ›¶[0m[30mâ˜[0m

1) Set Area
2) Make Default Grid
3) Count Types
4) Color Fish
5) Feed Fish
0) Quit

Choice:> Input area type 1) habitat 2) fish 3) food #) empty:> Input location (x y):> 
[30mâœ½[0m[30mâœ½[0m[30mâœ½[0m[30mâ›¶[0m[30mâ˜[0m
[30mâœ½[0m[30mâ˜[0m[30mâœ½[0m[30mâ›¶[0m[30mâ›¶[0m
[30mâœ½[0m[30mâœ½[0m[30mâœ½[0m[30mâœ½[0m[30mâœ½[0m
[30mâ›¶[0m[30mâ›¶[0m[30mâœ½[0m[30mâˆ[0m[30mâˆ[0m
[30mâ˜[0m[30mâˆ[0m[30mâ›¶[0m[30mâ›¶[0m[30mâ˜[0m

1) Set Area
2) Make Default Grid
3) Count Types
4) Color Fish
5) Feed Fish
0) Quit

Choice:> Input area type 1) habitat 2) fish 3) food #) empty:> Input location (x y):> 
[30mâœ½[0m[30mâœ½[0m[30mâœ½[0m[30mâ›¶[0m[30mâ˜[0m
[30mâœ½[0m[30mâ˜[0m[30mâœ½[0m[30mâ›¶[0m[30mâ›¶[0m
[30mâœ½[0m[30mâœ½[0m[30mâˆ[0m[30mâœ½[0m[30mâœ½[0m
[30mâ›¶[0m[30mâ›¶[0m[30mâœ½[0m[30mâˆ[0m[30mâˆ[0m
[30mâ˜[0m[30mâˆ[0m[30mâ›¶[0m[30mâ›¶[0m[30mâ˜[0m

1) Set Area
2) Make Default Grid
3) Count Types
4) Color Fish
5) Feed Fish
0) Quit

Choice:> Input area type 1) habitat 2) fish 3) food #) empty:> Input location (x y):> 
[30mâœ½[0m[30mâœ½[0m[30mâœ½[0m[30mâ›¶[0m[30mâ˜[0m
[30mâœ½[0m[30mâ˜[0m[30mâœ½[0m[30mâ›¶[0m[30mâ›¶[0m
[30mâœ½[0m[30mâœ½[0m[30mâˆ[0m[30mâœ½[0m[30mâœ½[0m
[30mâ›¶[0m[30mâ›¶[0m[30mâœ½[0m[30mâœ½[0m[30mâˆ[0m
[30mâ˜[0m[30mâˆ[0m[30mâ›¶[0m[30mâ›¶[0m[30mâ˜[0m

1) Set Area
2) Make Default Grid
3) Count Types
4) Color Fish
5) Feed Fish
0) Quit

Choice:> Input area type 1) habitat 2) fish 3) food #) empty:> Input location (x y):> 
[30mâœ½[0m[30mâœ½[0m[30mâœ½[0m[30mâ›¶[0m[30mâ˜[0m
[30mâœ½[0m[30mâ›¶[0m[30mâœ½[0m[30mâ›¶[0m[30mâ›¶[0m
[30mâœ½[0m[30mâœ½[0m[30mâˆ[0m[30mâœ½[0m[30mâœ½[0m
[30mâ›¶[0m[30mâ›¶[0m[30mâœ½[0m[30mâœ½[0m[30mâˆ[0m
[30mâ˜[0m[30mâˆ[0m[30mâ›¶[0m[30mâ›¶[0m[30mâ˜[0m

1) Set Area
2) Make Default Grid
3) Count Types
4) Color Fish
5) Feed Fish
0) Quit

Choice:> Input area type 1) habitat 2) fish 3) food #) empty:> Input location (x y):> 
[30mâœ½[0m[30mâœ½[0m[30mâœ½[0m[30mâ›¶[0m[30mâ˜[0m
[30mâœ½[0m[30mâ›¶[0m[30mâœ½[0m[30mâ›¶[0m[30mâ›¶[0m
[30mâœ½[0m[30mâœ½[0m[30mâ›¶[0m[30mâœ½[0m[30mâœ½[0m
[30mâ›¶[0m[30mâ›¶[0m[30mâœ½[0m[30mâœ½[0m[30mâˆ[0m
[30mâ˜[0m[30mâˆ[0m[30mâ›¶[0m[30mâ›¶[0m[30mâ˜[0m

1) Set Area
2) Make Default Grid
3) Count Types
4) Color Fish
5) Feed Fish
0) Quit

Choice:> Empty: 9
Habitats: 3
Food: 11
Fish: 2
[30mâœ½[0m[30mâœ½[0m[30mâœ½[0m[30mâ›¶[0m[30mâ˜[0m
[30mâœ½[0m[30mâ›¶[0m[30mâœ½[0m[30mâ›¶[0m[30mâ›¶[0m
[30mâœ½[0m[30mâœ½[0m[30mâ›¶[0m[30mâœ½[0m[30mâœ½[0m
[30mâ›¶[0m[30mâ›¶[0m[30mâœ½[0m[30mâœ½[0m[30mâˆ[0m
[30mâ˜[0m[30mâˆ[0m[30mâ›¶[0m[30mâ›¶[0m[30mâ˜[0m

1) Set Area
2) Make Default Grid
3) Count Types
4) Color Fish
5) Feed Fish
0) Quit

Choice:> Input area type 1) habitat 2) fish 3) food #) empty:> Input location (x y):> 
[30mâ˜[0m[30mâœ½[0m[30mâœ½[0m[30mâ›¶[0m[30mâ˜[0m
[30mâœ½[0m[30mâ›¶[0m[30mâœ½[0m[30mâ›¶[0m[30mâ›¶[0m
[30mâœ½[0m[30mâœ½[0m[30mâ›¶[0m[30mâœ½[0m[30mâœ½[0m
[30mâ›¶[0m[30mâ›¶[0m[30mâœ½[0m[30mâœ½[0m[30mâˆ[0m
[30mâ˜[0m[30mâˆ[0m[30mâ›¶[0m[30mâ›¶[0m[30mâ˜[0m

1) Set Area
2) Make Default Grid
3) Count Types
4) Color Fish
5) Feed Fish
0) Quit

Choice:> Input area type 1) habitat 2) fish 3) food #) empty:> Input location (x y):> 
[30mâ˜[0m[30mâœ½[0m[30mâœ½[0m[30mâ›¶[0m[30mâ˜[0m
[30mâœ½[0m[30mâ›¶[0m[30mâœ½[0m[30mâ›¶[0m[30mâ›¶[0m
[30mâœ½[0m[30mâœ½[0m[30mâ›¶[0m[30mâœ½[0m[30mâœ½[0m
[30mâ›¶[0m[30mâ›¶[0m[30mâœ½[0m[30mâœ½[0m[30mâˆ[0m
[30mâ˜[0m[30mâˆ[0m[30mâ›¶[0m[30mâ›¶[0m[30mâ˜[0m

1) Set Area
2) Make Default Grid
3) Count Types
4) Color Fish
5) Feed Fish
0) Quit

Choice:> Input area type 1) habitat 2) fish 3) food #) empty:> Input location (x y):> 
[30mâ˜[0m[30mâœ½[0m[30mâœ½[0m[30mâ›¶[0m[30mâ˜[0m
[30mâœ½[0m[30mâ›¶[0m[30mâœ½[0m[30mâ›¶[0m[30mâ›¶[0m
[30mâœ½[0m[30mâœ½[0m[30mâ›¶[0m[30mâœ½[0m[30mâœ½[0m
[30mâ›¶[0m[30mâ›¶[0m[30mâœ½[0m[30mâœ½[0m[30mâˆ[0m
[30mâ˜[0m[30mâˆ[0m[30mâ›¶[0m[30mâ›¶[0m[30mâ˜[0m

1) Set Area
2) Make Default Grid
3) Count Types
4) Color Fish
5) Feed Fish
0) Quit

Choice:> Input area type 1) habitat 2) fish 3) food #) empty:> Input location (x y):> 
[30mâ˜[0m[30mâœ½[0m[30mâœ½[0m[30mâ›¶[0m[30mâ˜[0m
[30mâœ½[0m[30mâ›¶[0m[30mâœ½[0m[30mâ›¶[0m[30mâ›¶[0m
[30mâœ½[0m[30mâœ½[0m[30mâ›¶[0m[30mâœ½[0m[30mâœ½[0m
[30mâ›¶[0m[30mâ›¶[0m[30mâœ½[0m[30mâœ½[0m[30mâˆ[0m
[30mâ˜[0m[30mâˆ[0m[30mâ›¶[0m[30mâ›¶[0m[30mâ˜[0m

1) Set Area
2) Make Default Grid
3) Count Types
4) Color Fish
5) Feed Fish
0) Quit

Choice:> Input area type 1) habitat 2) fish 3) food #) empty:> Input location (x y):> 
[30mâœ½[0m[30mâœ½[0m[30mâœ½[0m[30mâ›¶[0m[30mâ˜[0m
[30mâœ½[0m[30mâ›¶[0m[30mâœ½[0m[30mâ›¶[0m[30mâ›¶[0m
[30mâœ½[0m[30mâœ½[0m[30mâ›¶[0m[30mâœ½[0m[30mâœ½[0m
[30mâ›¶[0m[30mâ›¶[0m[30mâœ½[0m[30mâœ½[0m[30mâˆ[0m
[30mâ˜[0m[30mâˆ[0m[30mâ›¶[0m[30mâ›¶[0m[30mâ˜[0m

1) Set Area
2) Make Default Grid
3) Count Types
4) Color Fish
5) Feed Fish
0) Quit

Choice:> Empty: 9
Habitats: 3
Food: 11
Fish: 2
[30mâœ½[0m[30mâœ½[0m[30mâœ½[0m[30mâ›¶[0m[30mâ˜[0m
[30mâœ½[0m[30mâ›¶[0m[30mâœ½[0m[30mâ›¶[0m[30mâ›¶[0m
[30mâœ½[0m[30mâœ½[0m[30mâ›¶[0m[30mâœ½[0m[30mâœ½[0m
[30mâ›¶[0m[30mâ›¶[0m[30mâœ½[0m[30mâœ½[0m[30mâˆ[0m
[30mâ˜[0m[30mâˆ[0m[30mâ›¶[0m[30mâ›¶[0m[30mâ˜[0m

1) Set Area
2) Make Default Grid
3) Count Types
4) Color Fish
5) Feed Fish
0) Quit

Choice:> 