
1) Add data
2) Display data
3) Remove class
4) Load XML
5) Write XML
6) Find feature
7) Calculate species
0) Quit
Choice:> what class:> 
added class
continue (y/n):>
what order:> 
added order
continue (y/n):>
what family:> 
added family
continue (y/n):>
add feature (y/n):>
what feature:> 
add feature (y/n):>
what feature:> 
add feature (y/n):>
what feature:> 
add feature (y/n):>
add summary (y/n):> 
update genus count (0):> 
update species count (0):> 
add example (y/n):> 
what example:> 
add example (y/n):> 
what example:> 
add example (y/n):> 
what example:> 
add example (y/n):> 

1) Add data
2) Display data
3) Remove class
4) Load XML
5) Write XML
6) Find feature
7) Calculate species
0) Quit
Choice:> file name:> 

1) Add data
2) Display data
3) Remove class
4) Load XML
5) Write XML
6) Find feature
7) Calculate species
0) Quit
Choice:> Class: mammalia
Feature: 
--Order: carnivora
--Feature: 
----Family: canidae
----Feature: tail, fangs, fur
------Genus: 12  Species: 27  examples: dog, wolf, coyote
Class: aves
Feature: 

1) Add data
2) Display data
3) Remove class
4) Load XML
5) Write XML
6) Find feature
7) Calculate species
0) Quit
Choice:> what class:> 
what order:> 
added order
continue (y/n):>

1) Add data
2) Display data
3) Remove class
4) Load XML
5) Write XML
6) Find feature
7) Calculate species
0) Quit
Choice:> java.lang.NumberFormatException: For input string: "n"
1) Add data
2) Display data
3) Remove class
4) Load XML
5) Write XML
6) Find feature
7) Calculate species
0) Quit
Choice:> java.lang.NumberFormatException: For input string: "y"
1) Add data
2) Display data
3) Remove class
4) Load XML
5) Write XML
6) Find feature
7) Calculate species
0) Quit
Choice:> Invalid option

1) Add data
2) Display data
3) Remove class
4) Load XML
5) Write XML
6) Find feature
7) Calculate species
0) Quit
Choice:> Invalid option

1) Add data
2) Display data
3) Remove class
4) Load XML
5) Write XML
6) Find feature
7) Calculate species
0) Quit
Choice:> java.lang.NumberFormatException: For input string: "y"
1) Add data
2) Display data
3) Remove class
4) Load XML
5) Write XML
6) Find feature
7) Calculate species
0) Quit
Choice:> java.lang.NumberFormatException: For input string: "pheasant"
1) Add data
2) Display data
3) Remove class
4) Load XML
5) Write XML
6) Find feature
7) Calculate species
0) Quit
Choice:> java.lang.NumberFormatException: For input string: "n"
1) Add data
2) Display data
3) Remove class
4) Load XML
5) Write XML
6) Find feature
7) Calculate species
0) Quit
Choice:> what class:> 
what order:> 
added order
continue (y/n):>
what family:> 
added family
continue (y/n):>
add feature (y/n):>
what feature:> 
add feature (y/n):>
add summary (y/n):> 
update genus count (0):> 
update species count (0):> 
add example (y/n):> 
what example:> 
add example (y/n):> 

1) Add data
2) Display data
3) Remove class
4) Load XML
5) Write XML
6) Find feature
7) Calculate species
0) Quit
Choice:> Class: mammalia
Feature: 
--Order: carnivora
--Feature: 
----Family: canidae
----Feature: tail, fangs, fur
------Genus: 12  Species: 27  examples: dog, wolf, coyote
Class: aves
Feature: 
--Order: galliforme
--Feature: 
--Order: passeriformes
--Feature: 
----Family: turdidae
----Feature: omnivore
------Genus: 21  Species: 171  examples: blue bird

1) Add data
2) Display data
3) Remove class
4) Load XML
5) Write XML
6) Find feature
7) Calculate species
0) Quit
Choice:> what class:> 
removed mammalia

1) Add data
2) Display data
3) Remove class
4) Load XML
5) Write XML
6) Find feature
7) Calculate species
0) Quit
Choice:> Class: aves
Feature: 
--Order: galliforme
--Feature: 
--Order: passeriformes
--Feature: 
----Family: turdidae
----Feature: omnivore
------Genus: 21  Species: 171  examples: blue bird

1) Add data
2) Display data
3) Remove class
4) Load XML
5) Write XML
6) Find feature
7) Calculate species
0) Quit
Choice:> what class:> 
added class
continue (y/n):>
what order:> 
added order
continue (y/n):>
what family:> 
added family
continue (y/n):>
add feature (y/n):>
what feature:> 
add feature (y/n):>
what feature:> 
add feature (y/n):>
what feature:> 
add feature (y/n):>
add summary (y/n):> 
update genus count (0):> 
update species count (0):> 
add example (y/n):> 
what example:> 
add example (y/n):> 

1) Add data
2) Display data
3) Remove class
4) Load XML
5) Write XML
6) Find feature
7) Calculate species
0) Quit
Choice:> Class: aves
Feature: 
--Order: galliforme
--Feature: 
--Order: passeriformes
--Feature: 
----Family: turdidae
----Feature: omnivore
------Genus: 21  Species: 171  examples: blue bird
Class: chondrichthyes
Feature: 
--Order: carcharhiniformes
--Feature: 
----Family: sphyrnidae
----Feature: dorsal fin, gills, carnivore
------Genus: 2  Species: 9  examples: hammerhead shark

1) Add data
2) Display data
3) Remove class
4) Load XML
5) Write XML
6) Find feature
7) Calculate species
0) Quit
Choice:> file name:> 
java.lang.NullPointerException
1) Add data
2) Display data
3) Remove class
4) Load XML
5) Write XML
6) Find feature
7) Calculate species
0) Quit
Choice:> what class:> 
removed chondrichthyes

1) Add data
2) Display data
3) Remove class
4) Load XML
5) Write XML
6) Find feature
7) Calculate species
0) Quit
Choice:> what class:> 
removed aves

1) Add data
2) Display data
3) Remove class
4) Load XML
5) Write XML
6) Find feature
7) Calculate species
0) Quit
Choice:> file name:> 

1) Add data
2) Display data
3) Remove class
4) Load XML
5) Write XML
6) Find feature
7) Calculate species
0) Quit
Choice:> Class: aves
Feature: 
Class: chondrichthyes
Feature: 

1) Add data
2) Display data
3) Remove class
4) Load XML
5) Write XML
6) Find feature
7) Calculate species
0) Quit
Choice:> what class:> 
what order:> 
added order
continue (y/n):>

1) Add data
2) Display data
3) Remove class
4) Load XML
5) Write XML
6) Find feature
7) Calculate species
0) Quit
Choice:> java.lang.NumberFormatException: For input string: "n"
1) Add data
2) Display data
3) Remove class
4) Load XML
5) Write XML
6) Find feature
7) Calculate species
0) Quit
Choice:> java.lang.NumberFormatException: For input string: "y"
1) Add data
2) Display data
3) Remove class
4) Load XML
5) Write XML
6) Find feature
7) Calculate species
0) Quit
Choice:> Class: aves
Feature: 
Class: chondrichthyes
Feature: 
--Order: carcharhiniformes
--Feature: 

1) Add data
2) Display data
3) Remove class
4) Load XML
5) Write XML
6) Find feature
7) Calculate species
0) Quit
Choice:> Invalid option

1) Add data
2) Display data
3) Remove class
4) Load XML
5) Write XML
6) Find feature
7) Calculate species
0) Quit
Choice:> java.lang.NumberFormatException: For input string: "y"
1) Add data
2) Display data
3) Remove class
4) Load XML
5) Write XML
6) Find feature
7) Calculate species
0) Quit
Choice:> java.lang.NumberFormatException: For input string: "bonnethead shark"
1) Add data
2) Display data
3) Remove class
4) Load XML
5) Write XML
6) Find feature
7) Calculate species
0) Quit
Choice:> java.lang.NumberFormatException: For input string: "n"
1) Add data
2) Display data
3) Remove class
4) Load XML
5) Write XML
6) Find feature
7) Calculate species
0) Quit
Choice:> Class: aves
Feature: 
Class: chondrichthyes
Feature: 
--Order: carcharhiniformes
--Feature: 

1) Add data
2) Display data
3) Remove class
4) Load XML
5) Write XML
6) Find feature
7) Calculate species
0) Quit
Choice:> 