
1) Add data
2) Display data
3) Remove class
4) Load XML
5) Write XML
6) Find feature
7) Calculate species
0) Quit
Choice:> what class:> 
added class
continue (y/n):>

1) Add data
2) Display data
3) Remove class
4) Load XML
5) Write XML
6) Find feature
7) Calculate species
0) Quit
Choice:> Class: mammalia
Feature: 

1) Add data
2) Display data
3) Remove class
4) Load XML
5) Write XML
6) Find feature
7) Calculate species
0) Quit
Choice:> what class:> 
what order:> 
added order
continue (y/n):>

1) Add data
2) Display data
3) Remove class
4) Load XML
5) Write XML
6) Find feature
7) Calculate species
0) Quit
Choice:> Class: mammalia
Feature: 
--Order: carnivora
--Feature: 

1) Add data
2) Display data
3) Remove class
4) Load XML
5) Write XML
6) Find feature
7) Calculate species
0) Quit
Choice:> what class:> 
what order:> 
what family:> 
added family
continue (y/n):>

1) Add data
2) Display data
3) Remove class
4) Load XML
5) Write XML
6) Find feature
7) Calculate species
0) Quit
Choice:> Class: mammalia
Feature: 
--Order: carnivora
--Feature: 
----Family: canidae
----Feature: 
------Genus: 0  Species: 0  examples: 

1) Add data
2) Display data
3) Remove class
4) Load XML
5) Write XML
6) Find feature
7) Calculate species
0) Quit
Choice:> what class:> 
what order:> 
what family:> 
add feature (y/n):>
what feature:> 
add feature (y/n):>
add summary (y/n):> 

1) Add data
2) Display data
3) Remove class
4) Load XML
5) Write XML
6) Find feature
7) Calculate species
0) Quit
Choice:> Class: mammalia
Feature: 
--Order: carnivora
--Feature: 
----Family: canidae
----Feature: tail
------Genus: 0  Species: 0  examples: 

1) Add data
2) Display data
3) Remove class
4) Load XML
5) Write XML
6) Find feature
7) Calculate species
0) Quit
Choice:> what class:> 
what order:> 
what family:> 
add feature (y/n):>
what feature:> 
add feature (y/n):>
what feature:> 
add feature (y/n):>
add summary (y/n):> 

1) Add data
2) Display data
3) Remove class
4) Load XML
5) Write XML
6) Find feature
7) Calculate species
0) Quit
Choice:> Class: mammalia
Feature: 
--Order: carnivora
--Feature: 
----Family: canidae
----Feature: tail, fangs, fur
------Genus: 0  Species: 0  examples: 

1) Add data
2) Display data
3) Remove class
4) Load XML
5) Write XML
6) Find feature
7) Calculate species
0) Quit
Choice:> what class:> 
what order:> 
what family:> 
add feature (y/n):>
add summary (y/n):> 
update genus count (0):> 
update species count (0):> 
add example (y/n):> 

1) Add data
2) Display data
3) Remove class
4) Load XML
5) Write XML
6) Find feature
7) Calculate species
0) Quit
Choice:> Class: mammalia
Feature: 
--Order: carnivora
--Feature: 
----Family: canidae
----Feature: tail, fangs, fur
------Genus: 12  Species: 27  examples: 

1) Add data
2) Display data
3) Remove class
4) Load XML
5) Write XML
6) Find feature
7) Calculate species
0) Quit
Choice:> what class:> 
what order:> 
what family:> 
add feature (y/n):>
add summary (y/n):> 
update genus count (12):> 
update species count (27):> 
add example (y/n):> 
what example:> 
add example (y/n):> 

1) Add data
2) Display data
3) Remove class
4) Load XML
5) Write XML
6) Find feature
7) Calculate species
0) Quit
Choice:> Class: mammalia
Feature: 
--Order: carnivora
--Feature: 
----Family: canidae
----Feature: tail, fangs, fur
------Genus: 12  Species: 27  examples: dog

1) Add data
2) Display data
3) Remove class
4) Load XML
5) Write XML
6) Find feature
7) Calculate species
0) Quit
Choice:> what class:> 
what order:> 
what family:> 
add feature (y/n):>
add summary (y/n):> 
update genus count (12):> 
update species count (27):> 
add example (y/n):> 
what example:> 
add example (y/n):> 
what example:> 
add example (y/n):> 

1) Add data
2) Display data
3) Remove class
4) Load XML
5) Write XML
6) Find feature
7) Calculate species
0) Quit
Choice:> Class: mammalia
Feature: 
--Order: carnivora
--Feature: 
----Family: canidae
----Feature: tail, fangs, fur
------Genus: 2  Species: 7  examples: dog, wolf, coyote

1) Add data
2) Display data
3) Remove class
4) Load XML
5) Write XML
6) Find feature
7) Calculate species
0) Quit
Choice:> what class:> 
added class
continue (y/n):>
what order:> 
added order
continue (y/n):>
what family:> 
added family
continue (y/n):>
add feature (y/n):>
what feature:> 
add feature (y/n):>
add summary (y/n):> 
update genus count (0):> 
update species count (0):> 
add example (y/n):> 
what example:> 
add example (y/n):> 

1) Add data
2) Display data
3) Remove class
4) Load XML
5) Write XML
6) Find feature
7) Calculate species
0) Quit
Choice:> Class: mammalia
Feature: 
--Order: carnivora
--Feature: 
----Family: canidae
----Feature: tail, fangs, fur
------Genus: 2  Species: 7  examples: dog, wolf, coyote
Class: aves
Feature: 
--Order: galliforme
--Feature: 
----Family: phasianidae
----Feature: feathers
------Genus: 12  Species: 37  examples: chicken

1) Add data
2) Display data
3) Remove class
4) Load XML
5) Write XML
6) Find feature
7) Calculate species
0) Quit
Choice:> 