
1) Add data
2) Display data
3) Remove class
4) Load XML
5) Write XML
6) Find feature
7) Calculate species
0) Quit
Choice:> [34;1m1[0m
 what class:> [34;1mmammalia[0m
 
added class
continue (y/n):> [34;1my[0m

what order:> [34;1mCarnivora[0m
 
added order
continue (y/n):> [34;1my[0m

what family:> [34;1mcanidae[0m
 
added family
continue (y/n):> [34;1mY[0m

add feature (y/n):> [34;1my[0m

what feature:> [34;1mtail[0m
 
add feature (y/n):> [34;1my[0m

what feature:> [34;1mfangs[0m
 
add feature (y/n):> [34;1my[0m

what feature:> [34;1mfur[0m
 
add feature (y/n):> [34;1mn[0m

add summary (y/n):> [34;1my[0m
 
update genus count (0):> [34;1m12[0m
 
update species count (0):> [34;1m27[0m
 
add example (y/n):> [34;1my[0m
 
what example:> [34;1mdog[0m
 
add example (y/n):> [34;1my[0m
 
what example:> [34;1mwolf[0m
 
add example (y/n):> [34;1my[0m
 
what example:> [34;1mcoyote[0m
 
add example (y/n):> [34;1mn[0m
 

1) Add data
2) Display data
3) Remove class
4) Load XML
5) Write XML
6) Find feature
7) Calculate species
0) Quit
Choice:> [34;1m2[0m
 Class: mammalia
Feature: 
--Order: carnivora
--Feature: 
----Family: canidae
----Feature: tail, fangs, fur
------Genus: 12  Species: 27  examples: dog, wolf, coyote

1) Add data
2) Display data
3) Remove class
4) Load XML
5) Write XML
6) Find feature
7) Calculate species
0) Quit
Choice:> [34;1m1[0m
 what class:> [34;1maves[0m
 
added class
continue (y/n):> [34;1my[0m

what order:> [34;1mgalliforme[0m
 
added order
continue (y/n):> [34;1my[0m

what family:> [34;1mphasianidae[0m
 
added family
continue (y/n):> [34;1my[0m

add feature (y/n):> [34;1my[0m

what feature:> [34;1mfeathers[0m
 
add feature (y/n):> [34;1mn[0m

add summary (y/n):> [34;1my[0m
 
update genus count (0):> [34;1m12[0m
 
update species count (0):> [34;1m150[0m
 
add example (y/n):> [34;1my[0m
 
what example:> [34;1mchicken like[0m
 
add example (y/n):> [34;1mn[0m
 

1) Add data
2) Display data
3) Remove class
4) Load XML
5) Write XML
6) Find feature
7) Calculate species
0) Quit
Choice:> [34;1m2[0m
 Class: mammalia
Feature: 
--Order: carnivora
--Feature: 
----Family: canidae
----Feature: tail, fangs, fur
------Genus: 12  Species: 27  examples: dog, wolf, coyote
Class: aves
Feature: 
--Order: galliforme
--Feature: 
----Family: phasianidae
----Feature: feathers
------Genus: 12  Species: 150  examples: chicken like

1) Add data
2) Display data
3) Remove class
4) Load XML
5) Write XML
6) Find feature
7) Calculate species
0) Quit
Choice:> [34;1m3[0m
 what class:> [34;1maves[0m
 
removed aves

1) Add data
2) Display data
3) Remove class
4) Load XML
5) Write XML
6) Find feature
7) Calculate species
0) Quit
Choice:> [34;1m2[0m
 Class: mammalia
Feature: 
--Order: carnivora
--Feature: 
----Family: canidae
----Feature: tail, fangs, fur
------Genus: 12  Species: 27  examples: dog, wolf, coyote

1) Add data
2) Display data
3) Remove class
4) Load XML
5) Write XML
6) Find feature
7) Calculate species
0) Quit
Choice:> [34;1m3[0m
 what class:> [34;1mnothing[0m
 
class not found

1) Add data
2) Display data
3) Remove class
4) Load XML
5) Write XML
6) Find feature
7) Calculate species
0) Quit
Choice:> [34;1m2[0m
 Class: mammalia
Feature: 
--Order: carnivora
--Feature: 
----Family: canidae
----Feature: tail, fangs, fur
------Genus: 12  Species: 27  examples: dog, wolf, coyote

1) Add data
2) Display data
3) Remove class
4) Load XML
5) Write XML
6) Find feature
7) Calculate species
0) Quit
Choice:> [34;1m3[0m
 what class:> [34;1mmammalia[0m
 
removed mammalia

1) Add data
2) Display data
3) Remove class
4) Load XML
5) Write XML
6) Find feature
7) Calculate species
0) Quit
Choice:> [34;1m2[0m
 
1) Add data
2) Display data
3) Remove class
4) Load XML
5) Write XML
6) Find feature
7) Calculate species
0) Quit
Choice:> [34;1m0[0m
 
